[debug] [2021-05-12T00:58:20.622Z] ----------------------------------------------------------------------
[debug] [2021-05-12T00:58:20.627Z] Command:       C:\Program Files (x86)\nodejs\node.exe C:\Users\mayad\AppData\Roaming\npm\node_modules\firebase-tools\lib\bin\firebase.js init
[debug] [2021-05-12T00:58:20.628Z] CLI Version:   9.10.2
[debug] [2021-05-12T00:58:20.628Z] Platform:      win32
[debug] [2021-05-12T00:58:20.628Z] Node Version:  v14.16.1
[debug] [2021-05-12T00:58:20.631Z] Time:          Wed May 12 2021 02:58:20 GMT+0200 (heure d’été d’Europe centrale)
[debug] [2021-05-12T00:58:20.632Z] ----------------------------------------------------------------------
[debug] 
[debug] [2021-05-12T00:58:20.650Z] > command requires scopes: ["email","openid","https://www.googleapis.com/auth/cloudplatformprojects.readonly","https://www.googleapis.com/auth/firebase","https://www.googleapis.com/auth/cloud-platform"]
[debug] [2021-05-12T00:58:20.650Z] > authorizing via signed-in user (douadi.maya@gmail.com)
[info] 
     ######## #### ########  ######## ########     ###     ######  ########
     ##        ##  ##     ## ##       ##     ##  ##   ##  ##       ##
     ######    ##  ########  ######   ########  #########  ######  ######
     ##        ##  ##    ##  ##       ##     ## ##     ##       ## ##
     ##       #### ##     ## ######## ########  ##     ##  ######  ########

You're about to initialize a Firebase project in this directory:

  C:\Users\mayad\OneDrive\Bureau\NEW\riskintel2

[info] 
=== Project Setup
[info] 
[info] First, let's associate this project directory with a Firebase project.
[info] You can create multiple project aliases by running firebase use --add, 
[info] but for now we'll just set up a default project.
[info] 
[debug] [2021-05-12T00:59:05.060Z] >>> [apiv2][query] GET https://firebase.googleapis.com/v1beta1/projects pageSize=100
[debug] [2021-05-12T00:59:05.487Z] <<< [apiv2][status] GET https://firebase.googleapis.com/v1beta1/projects 200
[debug] [2021-05-12T00:59:05.487Z] <<< [apiv2][body] GET https://firebase.googleapis.com/v1beta1/projects [omitted]
[info] i  Using project riskintel-dvio (Riskintel) 
[info] 
=== Database Setup
[info] i  database: ensuring required API firebasedatabase.googleapis.com is enabled... 
[debug] [2021-05-12T00:59:10.100Z] > refreshing access token with scopes: ["email","https://www.googleapis.com/auth/cloud-platform","https://www.googleapis.com/auth/cloudplatformprojects.readonly","https://www.googleapis.com/auth/firebase","openid"]
[debug] [2021-05-12T00:59:10.100Z] >>> HTTP REQUEST POST https://www.googleapis.com/oauth2/v3/token  
 <request body omitted>
[debug] [2021-05-12T00:59:10.209Z] <<< HTTP RESPONSE 200 {"pragma":"no-cache","date":"Wed, 12 May 2021 00:59:09 GMT","cache-control":"no-cache, no-store, max-age=0, must-revalidate","expires":"Mon, 01 Jan 1990 00:00:00 GMT","content-type":"application/json; charset=utf-8","vary":"X-Origin, Referer, Origin,Accept-Encoding","server":"scaffolding on HTTPServer2","x-xss-protection":"0","x-frame-options":"SAMEORIGIN","x-content-type-options":"nosniff","alt-svc":"h3-29=\":443\"; ma=2592000,h3-T051=\":443\"; ma=2592000,h3-Q050=\":443\"; ma=2592000,h3-Q046=\":443\"; ma=2592000,h3-Q043=\":443\"; ma=2592000,quic=\":443\"; ma=2592000; v=\"46,43\"","accept-ranges":"none","transfer-encoding":"chunked"}
[debug] [2021-05-12T00:59:10.225Z] >>> HTTP REQUEST GET https://serviceusage.googleapis.com/v1/projects/riskintel-dvio/services/firebasedatabase.googleapis.com  
 
[debug] [2021-05-12T00:59:11.056Z] <<< HTTP RESPONSE 200 {"content-type":"application/json; charset=UTF-8","vary":"X-Origin, Referer, Origin,Accept-Encoding","date":"Wed, 12 May 2021 00:59:10 GMT","server":"ESF","cache-control":"private","x-xss-protection":"0","x-frame-options":"SAMEORIGIN","x-content-type-options":"nosniff","alt-svc":"h3-29=\":443\"; ma=2592000,h3-T051=\":443\"; ma=2592000,h3-Q050=\":443\"; ma=2592000,h3-Q046=\":443\"; ma=2592000,h3-Q043=\":443\"; ma=2592000,quic=\":443\"; ma=2592000; v=\"46,43\"","accept-ranges":"none","transfer-encoding":"chunked"}
[warn] !  database: missing required API firebasedatabase.googleapis.com. Enabling now... 
[debug] [2021-05-12T00:59:11.059Z] >>> HTTP REQUEST POST https://serviceusage.googleapis.com/v1/projects/riskintel-dvio/services/firebasedatabase.googleapis.com:enable  
 
[debug] [2021-05-12T00:59:12.603Z] <<< HTTP RESPONSE 200 {"content-type":"application/json; charset=UTF-8","vary":"X-Origin, Referer, Origin,Accept-Encoding","date":"Wed, 12 May 2021 00:59:12 GMT","server":"ESF","cache-control":"private","x-xss-protection":"0","x-frame-options":"SAMEORIGIN","x-content-type-options":"nosniff","alt-svc":"h3-29=\":443\"; ma=2592000,h3-T051=\":443\"; ma=2592000,h3-Q050=\":443\"; ma=2592000,h3-Q046=\":443\"; ma=2592000,h3-Q043=\":443\"; ma=2592000,quic=\":443\"; ma=2592000; v=\"46,43\"","accept-ranges":"none","transfer-encoding":"chunked"}
[debug] [2021-05-12T00:59:22.618Z] >>> HTTP REQUEST GET https://serviceusage.googleapis.com/v1/projects/riskintel-dvio/services/firebasedatabase.googleapis.com  
 
[debug] [2021-05-12T00:59:23.366Z] <<< HTTP RESPONSE 200 {"content-type":"application/json; charset=UTF-8","vary":"X-Origin, Referer, Origin,Accept-Encoding","date":"Wed, 12 May 2021 00:59:22 GMT","server":"ESF","cache-control":"private","x-xss-protection":"0","x-frame-options":"SAMEORIGIN","x-content-type-options":"nosniff","alt-svc":"h3-29=\":443\"; ma=2592000,h3-T051=\":443\"; ma=2592000,h3-Q050=\":443\"; ma=2592000,h3-Q046=\":443\"; ma=2592000,h3-Q043=\":443\"; ma=2592000,quic=\":443\"; ma=2592000; v=\"46,43\"","accept-ranges":"none","transfer-encoding":"chunked"}
[info] +  database: required API firebasedatabase.googleapis.com is enabled 
[info] 
[debug] [2021-05-12T00:59:23.370Z] > refreshing access token with scopes: []
[debug] [2021-05-12T00:59:23.370Z] >>> HTTP REQUEST POST https://www.googleapis.com/oauth2/v3/token  
 <request body omitted>
[debug] [2021-05-12T00:59:23.448Z] <<< HTTP RESPONSE 200 {"expires":"Mon, 01 Jan 1990 00:00:00 GMT","cache-control":"no-cache, no-store, max-age=0, must-revalidate","pragma":"no-cache","date":"Wed, 12 May 2021 00:59:22 GMT","content-type":"application/json; charset=utf-8","vary":"X-Origin, Referer, Origin,Accept-Encoding","server":"scaffolding on HTTPServer2","x-xss-protection":"0","x-frame-options":"SAMEORIGIN","x-content-type-options":"nosniff","alt-svc":"h3-29=\":443\"; ma=2592000,h3-T051=\":443\"; ma=2592000,h3-Q050=\":443\"; ma=2592000,h3-Q046=\":443\"; ma=2592000,h3-Q043=\":443\"; ma=2592000,quic=\":443\"; ma=2592000; v=\"46,43\"","accept-ranges":"none","transfer-encoding":"chunked"}
[debug] [2021-05-12T00:59:23.460Z] >>> [apiv2][query] GET https://firebase.googleapis.com/v1beta1/projects/riskintel-dvio [none]
[debug] [2021-05-12T00:59:23.650Z] <<< [apiv2][status] GET https://firebase.googleapis.com/v1beta1/projects/riskintel-dvio 200
[debug] [2021-05-12T00:59:23.651Z] <<< [apiv2][body] GET https://firebase.googleapis.com/v1beta1/projects/riskintel-dvio {"projectId":"riskintel-dvio","projectNumber":"717894459138","displayName":"Riskintel","name":"projects/riskintel-dvio","resources":{"hostingSite":"riskintel-dvio"},"state":"ACTIVE"}
[debug] [2021-05-12T00:59:33.882Z] > refreshing access token with scopes: ["email","https://www.googleapis.com/auth/cloud-platform","https://www.googleapis.com/auth/cloudplatformprojects.readonly","https://www.googleapis.com/auth/firebase","openid"]
[debug] [2021-05-12T00:59:33.882Z] >>> HTTP REQUEST POST https://www.googleapis.com/oauth2/v3/token  
 <request body omitted>
[debug] [2021-05-12T00:59:33.950Z] <<< HTTP RESPONSE 200 {"cache-control":"no-cache, no-store, max-age=0, must-revalidate","expires":"Mon, 01 Jan 1990 00:00:00 GMT","pragma":"no-cache","date":"Wed, 12 May 2021 00:59:33 GMT","content-type":"application/json; charset=utf-8","vary":"X-Origin, Referer, Origin,Accept-Encoding","server":"scaffolding on HTTPServer2","x-xss-protection":"0","x-frame-options":"SAMEORIGIN","x-content-type-options":"nosniff","alt-svc":"h3-29=\":443\"; ma=2592000,h3-T051=\":443\"; ma=2592000,h3-Q050=\":443\"; ma=2592000,h3-Q046=\":443\"; ma=2592000,h3-Q043=\":443\"; ma=2592000,quic=\":443\"; ma=2592000; v=\"46,43\"","accept-ranges":"none","transfer-encoding":"chunked"}
[debug] [2021-05-12T00:59:33.962Z] >>> HTTP REQUEST POST https://firebasedatabase.googleapis.com/v1beta/projects/riskintel-dvio/locations/europe-west1/instances?databaseId=riskintel-dvio-default-rtdb&validateOnly=true  
 {"type":"default_database"}
[debug] [2021-05-12T00:59:34.789Z] <<< HTTP RESPONSE 200 {"content-type":"application/json; charset=UTF-8","vary":"X-Origin, Referer, Origin,Accept-Encoding","date":"Wed, 12 May 2021 00:59:34 GMT","server":"ESF","cache-control":"private","x-xss-protection":"0","x-frame-options":"SAMEORIGIN","x-content-type-options":"nosniff","alt-svc":"h3-29=\":443\"; ma=2592000,h3-T051=\":443\"; ma=2592000,h3-Q050=\":443\"; ma=2592000,h3-Q046=\":443\"; ma=2592000,h3-Q043=\":443\"; ma=2592000,quic=\":443\"; ma=2592000; v=\"46,43\"","accept-ranges":"none","transfer-encoding":"chunked"}
[debug] [2021-05-12T00:59:34.791Z] >>> HTTP REQUEST POST https://firebasedatabase.googleapis.com/v1beta/projects/riskintel-dvio/locations/europe-west1/instances?databaseId=riskintel-dvio-default-rtdb  
 {"type":"default_database"}
[debug] [2021-05-12T00:59:36.511Z] <<< HTTP RESPONSE 200 {"content-type":"application/json; charset=UTF-8","vary":"X-Origin, Referer, Origin,Accept-Encoding","date":"Wed, 12 May 2021 00:59:35 GMT","server":"ESF","cache-control":"private","x-xss-protection":"0","x-frame-options":"SAMEORIGIN","x-content-type-options":"nosniff","alt-svc":"h3-29=\":443\"; ma=2592000,h3-T051=\":443\"; ma=2592000,h3-Q050=\":443\"; ma=2592000,h3-Q046=\":443\"; ma=2592000,h3-Q043=\":443\"; ma=2592000,quic=\":443\"; ma=2592000; v=\"46,43\"","accept-ranges":"none","transfer-encoding":"chunked"}
[info] 
[info] Firebase Realtime Database Security Rules allow you to define how your data should be
[info] structured and when your data can be read from and written to.
[info] 
[debug] [2021-05-12T00:59:43.191Z] >>> HTTP REQUEST GET https://riskintel-dvio-default-rtdb.europe-west1.firebasedatabase.app/.settings/rules.json  
 
[debug] [2021-05-12T00:59:45.159Z] <<< HTTP RESPONSE 200 {"server":"nginx","date":"Wed, 12 May 2021 00:59:44 GMT","content-type":"application/json; charset=utf-8","content-length":"161","connection":"keep-alive","access-control-allow-origin":"*","cache-control":"no-cache","strict-transport-security":"max-age=31556926; includeSubDomains; preload"}
[info] +  Database Rules for riskintel-dvio-default-rtdb have been written to database.rules.json. 
[info] Future modifications to database.rules.json will update Realtime Database Security Rules when you run
[info] firebase deploy.
[info] 
=== Hosting Setup
[info] 
[info] Your public directory is the folder (relative to your project directory) that
[info] will contain Hosting assets to be uploaded with firebase deploy. If you
[info] have a build process for your assets, use your build's output directory.
[info] 
[debug] [2021-05-12T01:00:00.230Z] >>> [apiv2][query] GET https://www.gstatic.com/firebasejs/releases.json [none]
[debug] [2021-05-12T01:00:00.296Z] <<< [apiv2][status] GET https://www.gstatic.com/firebasejs/releases.json 200
[debug] [2021-05-12T01:00:00.296Z] <<< [apiv2][body] GET https://www.gstatic.com/firebasejs/releases.json {"current":{"version":"8.6.0","browserURL":"https://www.gstatic.com/firebasejs/8.6.0/firebase.js","packageURL":"https://www.gstatic.com/firebasejs/8.6.0/firebase.tgz"},"live":{"version":"8.6","browserURL":"https://www.gstatic.com/firebasejs/live/8.6/firebase.js","packageURL":"https://www.gstatic.com/firebasejs/live/8.6/firebase.tgz"},"components":{"analytics":"https://www.gstatic.com/firebasejs/8.6.0/firebase-analytics.js","app":"https://www.gstatic.com/firebasejs/8.6.0/firebase-app.js","app-check":"https://www.gstatic.com/firebasejs/8.6.0/firebase-app-check.js","auth":"https://www.gstatic.com/firebasejs/8.6.0/firebase-auth.js","database":"https://www.gstatic.com/firebasejs/8.6.0/firebase-database.js","firestore":"https://www.gstatic.com/firebasejs/8.6.0/firebase-firestore.js","functions":"https://www.gstatic.com/firebasejs/8.6.0/firebase-functions.js","installations":"https://www.gstatic.com/firebasejs/8.6.0/firebase-installations.js","messaging":"https://www.gstatic.com/firebasejs/8.6.0/firebase-messaging.js","storage":"https://www.gstatic.com/firebasejs/8.6.0/firebase-storage.js","performance":"https://www.gstatic.com/firebasejs/8.6.0/firebase-performance.js","remote-config":"https://www.gstatic.com/firebasejs/8.6.0/firebase-remote-config.js","firestore.memory":"https://www.gstatic.com/firebasejs/8.6.0/firebase-firestore.memory.js"}}
[info] +  Wrote public/index.html 
[info] 
[info] i  Didn't detect a .git folder. Assuming C:\Users\mayad\OneDrive\Bureau\NEW\riskintel2 is the project root. 
[info] i  Authorizing with GitHub to upload your service account to a GitHub repository's secrets store. 
[info] 
[info] Visit this URL on this device to log in:
[info] https://github.com/login/oauth/authorize?client_id=89cf50f02ac6aaed3484&state=191041365&redirect_uri=http%3A%2F%2Flocalhost%3A9005&scope=read%3Auser%20repo%20public_repo
[info] 
[info] Waiting for authentication...
[debug] [2021-05-12T01:00:13.556Z] >>> HTTP REQUEST POST https://github.com/login/oauth/access_token  
 {"client_id":"89cf50f02ac6aaed3484","client_secret":"3330d14abc895d9a74d5f17cd7a00711fa2c5bf0","code":"0bf06ef8616e3cceb463","redirect_uri":"http://localhost:9005","state":"191041365"}
[debug] [2021-05-12T01:00:13.810Z] <<< HTTP RESPONSE 200 {"server":"GitHub.com","date":"Wed, 12 May 2021 01:00:13 GMT","content-type":"application/json; charset=utf-8","transfer-encoding":"chunked","vary":"X-PJAX, Accept-Encoding, Accept, X-Requested-With","permissions-policy":"interest-cohort=()","etag":"W/\"14380e52a3b268bd15bf003cc199fbd9\"","cache-control":"max-age=0, private, must-revalidate","strict-transport-security":"max-age=31536000; includeSubdomains; preload","x-frame-options":"deny","x-content-type-options":"nosniff","x-xss-protection":"0","referrer-policy":"origin-when-cross-origin, strict-origin-when-cross-origin","expect-ct":"max-age=2592000, report-uri=\"https://api.github.com/_private/browser/errors\"","content-security-policy":"default-src 'none'; base-uri 'self'; block-all-mixed-content; connect-src 'self' uploads.github.com www.githubstatus.com collector.githubapp.com api.github.com github-cloud.s3.amazonaws.com github-production-repository-file-5c1aeb.s3.amazonaws.com github-production-upload-manifest-file-7fdce7.s3.amazonaws.com github-production-user-asset-6210df.s3.amazonaws.com cdn.optimizely.com logx.optimizely.com/v1/events wss://alive.github.com; font-src github.githubassets.com; form-action 'self' github.com gist.github.com; frame-ancestors 'none'; frame-src render.githubusercontent.com; img-src 'self' data: github.githubassets.com identicons.github.com collector.githubapp.com github-cloud.s3.amazonaws.com secured-user-images.githubusercontent.com/ *.githubusercontent.com; manifest-src 'self'; media-src 'none'; script-src github.githubassets.com; style-src 'unsafe-inline' github.githubassets.com; worker-src github.com/socket-worker-3f088aa2.js gist.github.com/socket-worker-3f088aa2.js","x-github-request-id":"E735:F32D:9560:821E6:609B289D"}
[debug] [2021-05-12T01:00:13.813Z] >>> [apiv2][query] GET https://api.github.com/user [none]
[debug] [2021-05-12T01:00:14.105Z] <<< [apiv2][status] GET https://api.github.com/user 200
[debug] [2021-05-12T01:00:14.106Z] <<< [apiv2][body] GET https://api.github.com/user {"login":"mayde24","id":46993537,"node_id":"MDQ6VXNlcjQ2OTkzNTM3","avatar_url":"https://avatars.githubusercontent.com/u/46993537?v=4","gravatar_id":"","url":"https://api.github.com/users/mayde24","html_url":"https://github.com/mayde24","followers_url":"https://api.github.com/users/mayde24/followers","following_url":"https://api.github.com/users/mayde24/following{/other_user}","gists_url":"https://api.github.com/users/mayde24/gists{/gist_id}","starred_url":"https://api.github.com/users/mayde24/starred{/owner}{/repo}","subscriptions_url":"https://api.github.com/users/mayde24/subscriptions","organizations_url":"https://api.github.com/users/mayde24/orgs","repos_url":"https://api.github.com/users/mayde24/repos","events_url":"https://api.github.com/users/mayde24/events{/privacy}","received_events_url":"https://api.github.com/users/mayde24/received_events","type":"User","site_admin":false,"name":null,"company":null,"blog":"","location":null,"email":null,"hireable":null,"bio":null,"twitter_username":null,"public_repos":20,"public_gists":0,"followers":5,"following":3,"created_at":"2019-01-24T09:39:24Z","updated_at":"2021-05-12T01:00:04Z","private_gists":0,"total_private_repos":7,"owned_private_repos":6,"disk_usage":274810,"collaborators":3,"two_factor_authentication":false,"plan":{"name":"pro","space":976562499,"collaborators":0,"private_repos":9999}}
[info] 
[info] +  Success! Logged into GitHub as mayde24 
[info] 
[debug] [2021-05-12T01:00:45.025Z] >>> [apiv2][query] GET https://api.github.com/repos/mayde24/riskintel-dvio/actions/secrets/public-key type=owner
[debug] [2021-05-12T01:00:45.243Z] <<< [apiv2][status] GET https://api.github.com/repos/mayde24/riskintel-dvio/actions/secrets/public-key 404
[debug] [2021-05-12T01:00:45.243Z] <<< [apiv2][body] GET https://api.github.com/repos/mayde24/riskintel-dvio/actions/secrets/public-key {"message":"Not Found","documentation_url":"https://docs.github.com/rest/reference/actions#get-a-repository-public-key"}
[debug] [2021-05-12T01:00:47.698Z] >>> [apiv2][query] GET https://api.github.com/repos//actions/secrets/public-key type=owner
[debug] [2021-05-12T01:00:47.886Z] <<< [apiv2][status] GET https://api.github.com/repos//actions/secrets/public-key 404
[debug] [2021-05-12T01:00:47.886Z] <<< [apiv2][body] GET https://api.github.com/repos//actions/secrets/public-key {"message":"Not Found","documentation_url":"https://docs.github.com/rest"}
[debug] [2021-05-12T01:00:55.233Z] >>> [apiv2][query] GET https://api.github.com/repos/riskintel-dvio/actions/secrets/public-key type=owner
[debug] [2021-05-12T01:00:55.450Z] <<< [apiv2][status] GET https://api.github.com/repos/riskintel-dvio/actions/secrets/public-key 404
[debug] [2021-05-12T01:00:55.450Z] <<< [apiv2][body] GET https://api.github.com/repos/riskintel-dvio/actions/secrets/public-key {"message":"Not Found","documentation_url":"https://docs.github.com/rest"}
[debug] [2021-05-12T01:00:59.271Z] >>> [apiv2][query] GET https://api.github.com/repos//actions/secrets/public-key type=owner
[debug] [2021-05-12T01:00:59.518Z] <<< [apiv2][status] GET https://api.github.com/repos//actions/secrets/public-key 404
[debug] [2021-05-12T01:00:59.518Z] <<< [apiv2][body] GET https://api.github.com/repos//actions/secrets/public-key {"message":"Not Found","documentation_url":"https://docs.github.com/rest"}
[debug] [2021-05-12T01:01:00.318Z] >>> [apiv2][query] GET https://api.github.com/repos//actions/secrets/public-key type=owner
[debug] [2021-05-12T01:01:00.519Z] <<< [apiv2][status] GET https://api.github.com/repos//actions/secrets/public-key 404
[debug] [2021-05-12T01:01:00.519Z] <<< [apiv2][body] GET https://api.github.com/repos//actions/secrets/public-key {"message":"Not Found","documentation_url":"https://docs.github.com/rest"}
[debug] [2021-05-12T01:01:02.735Z] >>> [apiv2][query] GET https://api.github.com/repos//actions/secrets/public-key type=owner
[debug] [2021-05-12T01:01:02.930Z] <<< [apiv2][status] GET https://api.github.com/repos//actions/secrets/public-key 404
[debug] [2021-05-12T01:01:02.930Z] <<< [apiv2][body] GET https://api.github.com/repos//actions/secrets/public-key {"message":"Not Found","documentation_url":"https://docs.github.com/rest"}
[debug] [2021-05-12T01:02:05.107Z] >>> [apiv2][query] GET https://api.github.com/repos/n/actions/secrets/public-key type=owner
[debug] [2021-05-12T01:02:05.330Z] <<< [apiv2][status] GET https://api.github.com/repos/n/actions/secrets/public-key 404
[debug] [2021-05-12T01:02:05.331Z] <<< [apiv2][body] GET https://api.github.com/repos/n/actions/secrets/public-key {"message":"Not Found","documentation_url":"https://docs.github.com/rest"}
[debug] [2021-05-12T01:02:14.194Z] >>> [apiv2][query] GET https://api.github.com/repos/mayde24/riskintel-dvio/actions/secrets/public-key type=owner
[debug] [2021-05-12T01:02:14.427Z] <<< [apiv2][status] GET https://api.github.com/repos/mayde24/riskintel-dvio/actions/secrets/public-key 404
[debug] [2021-05-12T01:02:14.427Z] <<< [apiv2][body] GET https://api.github.com/repos/mayde24/riskintel-dvio/actions/secrets/public-key {"message":"Not Found","documentation_url":"https://docs.github.com/rest/reference/actions#get-a-repository-public-key"}
[debug] [2021-05-12T01:02:16.506Z] >>> [apiv2][query] GET https://api.github.com/repos//actions/secrets/public-key type=owner
[debug] [2021-05-12T01:02:16.696Z] <<< [apiv2][status] GET https://api.github.com/repos//actions/secrets/public-key 404
[debug] [2021-05-12T01:02:16.696Z] <<< [apiv2][body] GET https://api.github.com/repos//actions/secrets/public-key {"message":"Not Found","documentation_url":"https://docs.github.com/rest"}
[debug] [2021-05-12T01:02:16.698Z] >>> [apiv2][query] GET https://api.github.com/repos//actions/secrets/public-key type=owner
[debug] [2021-05-12T01:02:16.878Z] >>> [apiv2][query] GET https://api.github.com/repos//actions/secrets/public-key type=owner
[debug] [2021-05-12T01:02:16.886Z] <<< [apiv2][status] GET https://api.github.com/repos//actions/secrets/public-key 404
[debug] [2021-05-12T01:02:16.886Z] <<< [apiv2][body] GET https://api.github.com/repos//actions/secrets/public-key {"message":"Not Found","documentation_url":"https://docs.github.com/rest"}
[debug] [2021-05-12T01:02:17.072Z] <<< [apiv2][status] GET https://api.github.com/repos//actions/secrets/public-key 404
[debug] [2021-05-12T01:02:17.072Z] <<< [apiv2][body] GET https://api.github.com/repos//actions/secrets/public-key {"message":"Not Found","documentation_url":"https://docs.github.com/rest"}
[debug] [2021-05-12T01:02:17.097Z] >>> [apiv2][query] GET https://api.github.com/repos//actions/secrets/public-key type=owner
[debug] [2021-05-12T01:02:17.294Z] <<< [apiv2][status] GET https://api.github.com/repos//actions/secrets/public-key 404
[debug] [2021-05-12T01:02:17.294Z] <<< [apiv2][body] GET https://api.github.com/repos//actions/secrets/public-key {"message":"Not Found","documentation_url":"https://docs.github.com/rest"}
[debug] [2021-05-12T01:02:17.609Z] >>> [apiv2][query] GET https://api.github.com/repos//actions/secrets/public-key type=owner
[debug] [2021-05-12T01:02:17.640Z] >>> [apiv2][query] GET https://api.github.com/repos//actions/secrets/public-key type=owner
[debug] [2021-05-12T01:02:17.670Z] >>> [apiv2][query] GET https://api.github.com/repos//actions/secrets/public-key type=owner
[debug] [2021-05-12T01:02:17.701Z] >>> [apiv2][query] GET https://api.github.com/repos//actions/secrets/public-key type=owner
[debug] [2021-05-12T01:02:17.730Z] >>> [apiv2][query] GET https://api.github.com/repos//actions/secrets/public-key type=owner
[debug] [2021-05-12T01:02:17.762Z] >>> [apiv2][query] GET https://api.github.com/repos//actions/secrets/public-key type=owner
[debug] [2021-05-12T01:02:17.791Z] >>> [apiv2][query] GET https://api.github.com/repos//actions/secrets/public-key type=owner
[debug] [2021-05-12T01:02:17.807Z] <<< [apiv2][status] GET https://api.github.com/repos//actions/secrets/public-key 404
[debug] [2021-05-12T01:02:17.808Z] <<< [apiv2][body] GET https://api.github.com/repos//actions/secrets/public-key {"message":"Not Found","documentation_url":"https://docs.github.com/rest"}
[debug] [2021-05-12T01:02:17.842Z] <<< [apiv2][status] GET https://api.github.com/repos//actions/secrets/public-key 404
[debug] [2021-05-12T01:02:17.842Z] <<< [apiv2][body] GET https://api.github.com/repos//actions/secrets/public-key {"message":"Not Found","documentation_url":"https://docs.github.com/rest"}
[debug] [2021-05-12T01:02:17.867Z] <<< [apiv2][status] GET https://api.github.com/repos//actions/secrets/public-key 404
[debug] [2021-05-12T01:02:17.867Z] <<< [apiv2][body] GET https://api.github.com/repos//actions/secrets/public-key {"message":"Not Found","documentation_url":"https://docs.github.com/rest"}
[debug] [2021-05-12T01:02:17.898Z] <<< [apiv2][status] GET https://api.github.com/repos//actions/secrets/public-key 404
[debug] [2021-05-12T01:02:17.899Z] <<< [apiv2][body] GET https://api.github.com/repos//actions/secrets/public-key {"message":"Not Found","documentation_url":"https://docs.github.com/rest"}
[debug] [2021-05-12T01:02:17.951Z] <<< [apiv2][status] GET https://api.github.com/repos//actions/secrets/public-key 404
[debug] [2021-05-12T01:02:17.951Z] <<< [apiv2][body] GET https://api.github.com/repos//actions/secrets/public-key {"message":"Not Found","documentation_url":"https://docs.github.com/rest"}
[debug] [2021-05-12T01:02:17.957Z] <<< [apiv2][status] GET https://api.github.com/repos//actions/secrets/public-key 404
[debug] [2021-05-12T01:02:17.957Z] <<< [apiv2][body] GET https://api.github.com/repos//actions/secrets/public-key {"message":"Not Found","documentation_url":"https://docs.github.com/rest"}
[debug] [2021-05-12T01:02:17.990Z] <<< [apiv2][status] GET https://api.github.com/repos//actions/secrets/public-key 404
[debug] [2021-05-12T01:02:17.991Z] <<< [apiv2][body] GET https://api.github.com/repos//actions/secrets/public-key {"message":"Not Found","documentation_url":"https://docs.github.com/rest"}
[debug] [2021-05-12T01:02:42.750Z] ----------------------------------------------------------------------
[debug] [2021-05-12T01:02:42.755Z] Command:       C:\Program Files (x86)\nodejs\node.exe C:\Users\mayad\AppData\Roaming\npm\node_modules\firebase-tools\lib\bin\firebase.js init
[debug] [2021-05-12T01:02:42.756Z] CLI Version:   9.10.2
[debug] [2021-05-12T01:02:42.756Z] Platform:      win32
[debug] [2021-05-12T01:02:42.757Z] Node Version:  v14.16.1
[debug] [2021-05-12T01:02:42.759Z] Time:          Wed May 12 2021 03:02:42 GMT+0200 (heure d’été d’Europe centrale)
[debug] [2021-05-12T01:02:42.760Z] ----------------------------------------------------------------------
[debug] 
[debug] [2021-05-12T01:02:42.777Z] > command requires scopes: ["email","openid","https://www.googleapis.com/auth/cloudplatformprojects.readonly","https://www.googleapis.com/auth/firebase","https://www.googleapis.com/auth/cloud-platform"]
[debug] [2021-05-12T01:02:42.777Z] > authorizing via signed-in user (douadi.maya@gmail.com)
[info] 
     ######## #### ########  ######## ########     ###     ######  ########
     ##        ##  ##     ## ##       ##     ##  ##   ##  ##       ##
     ######    ##  ########  ######   ########  #########  ######  ######
     ##        ##  ##    ##  ##       ##     ## ##     ##       ## ##
     ##       #### ##     ## ######## ########  ##     ##  ######  ########

You're about to initialize a Firebase project in this directory:

  C:\Users\mayad\OneDrive\Bureau\NEW\riskintel2

[info] 
=== Project Setup
[info] 
[info] First, let's associate this project directory with a Firebase project.
[info] You can create multiple project aliases by running firebase use --add, 
[info] but for now we'll just set up a default project.
[info] 
[debug] [2021-05-12T01:03:04.833Z] > refreshing access token with scopes: []
[debug] [2021-05-12T01:03:04.834Z] >>> HTTP REQUEST POST https://www.googleapis.com/oauth2/v3/token  
 <request body omitted>
[debug] [2021-05-12T01:03:05.069Z] <<< HTTP RESPONSE 200 {"date":"Wed, 12 May 2021 01:03:04 GMT","expires":"Mon, 01 Jan 1990 00:00:00 GMT","pragma":"no-cache","cache-control":"no-cache, no-store, max-age=0, must-revalidate","content-type":"application/json; charset=utf-8","vary":"X-Origin, Referer, Origin,Accept-Encoding","server":"scaffolding on HTTPServer2","x-xss-protection":"0","x-frame-options":"SAMEORIGIN","x-content-type-options":"nosniff","alt-svc":"h3-29=\":443\"; ma=2592000,h3-T051=\":443\"; ma=2592000,h3-Q050=\":443\"; ma=2592000,h3-Q046=\":443\"; ma=2592000,h3-Q043=\":443\"; ma=2592000,quic=\":443\"; ma=2592000; v=\"46,43\"","accept-ranges":"none","transfer-encoding":"chunked"}
[debug] [2021-05-12T01:03:05.097Z] >>> [apiv2][query] GET https://firebase.googleapis.com/v1beta1/projects pageSize=100
[debug] [2021-05-12T01:03:05.390Z] <<< [apiv2][status] GET https://firebase.googleapis.com/v1beta1/projects 200
[debug] [2021-05-12T01:03:05.390Z] <<< [apiv2][body] GET https://firebase.googleapis.com/v1beta1/projects [omitted]
[info] i  Using project riskintel-dvio (Riskintel) 
[info] 
=== Database Setup
[info] i  database: ensuring required API firebasedatabase.googleapis.com is enabled... 
[debug] [2021-05-12T01:03:07.687Z] > refreshing access token with scopes: ["email","https://www.googleapis.com/auth/cloud-platform","https://www.googleapis.com/auth/cloudplatformprojects.readonly","https://www.googleapis.com/auth/firebase","openid"]
[debug] [2021-05-12T01:03:07.687Z] >>> HTTP REQUEST POST https://www.googleapis.com/oauth2/v3/token  
 <request body omitted>
[debug] [2021-05-12T01:03:07.776Z] <<< HTTP RESPONSE 200 {"cache-control":"no-cache, no-store, max-age=0, must-revalidate","pragma":"no-cache","expires":"Mon, 01 Jan 1990 00:00:00 GMT","date":"Wed, 12 May 2021 01:03:07 GMT","content-type":"application/json; charset=utf-8","vary":"X-Origin, Referer, Origin,Accept-Encoding","server":"scaffolding on HTTPServer2","x-xss-protection":"0","x-frame-options":"SAMEORIGIN","x-content-type-options":"nosniff","alt-svc":"h3-29=\":443\"; ma=2592000,h3-T051=\":443\"; ma=2592000,h3-Q050=\":443\"; ma=2592000,h3-Q046=\":443\"; ma=2592000,h3-Q043=\":443\"; ma=2592000,quic=\":443\"; ma=2592000; v=\"46,43\"","accept-ranges":"none","transfer-encoding":"chunked"}
[debug] [2021-05-12T01:03:07.791Z] >>> HTTP REQUEST GET https://serviceusage.googleapis.com/v1/projects/riskintel-dvio/services/firebasedatabase.googleapis.com  
 
[debug] [2021-05-12T01:03:08.570Z] <<< HTTP RESPONSE 200 {"content-type":"application/json; charset=UTF-8","vary":"X-Origin, Referer, Origin,Accept-Encoding","date":"Wed, 12 May 2021 01:03:07 GMT","server":"ESF","cache-control":"private","x-xss-protection":"0","x-frame-options":"SAMEORIGIN","x-content-type-options":"nosniff","alt-svc":"h3-29=\":443\"; ma=2592000,h3-T051=\":443\"; ma=2592000,h3-Q050=\":443\"; ma=2592000,h3-Q046=\":443\"; ma=2592000,h3-Q043=\":443\"; ma=2592000,quic=\":443\"; ma=2592000; v=\"46,43\"","accept-ranges":"none","transfer-encoding":"chunked"}
[info] +  database: required API firebasedatabase.googleapis.com is enabled 
[info] 
[debug] [2021-05-12T01:03:08.574Z] >>> HTTP REQUEST GET https://firebasedatabase.googleapis.com/v1beta/projects/riskintel-dvio/locations/-/instances/riskintel-dvio-default-rtdb  
 
[debug] [2021-05-12T01:03:08.839Z] <<< HTTP RESPONSE 200 {"content-type":"application/json; charset=UTF-8","vary":"X-Origin, Referer, Origin,Accept-Encoding","date":"Wed, 12 May 2021 01:03:08 GMT","server":"ESF","cache-control":"private","x-xss-protection":"0","x-frame-options":"SAMEORIGIN","x-content-type-options":"nosniff","alt-svc":"h3-29=\":443\"; ma=2592000,h3-T051=\":443\"; ma=2592000,h3-Q050=\":443\"; ma=2592000,h3-Q046=\":443\"; ma=2592000,h3-Q043=\":443\"; ma=2592000,quic=\":443\"; ma=2592000; v=\"46,43\"","accept-ranges":"none","transfer-encoding":"chunked"}
[info] 
[info] Firebase Realtime Database Security Rules allow you to define how your data should be
[info] structured and when your data can be read from and written to.
[info] 
[debug] [2021-05-12T01:03:21.537Z] >>> HTTP REQUEST GET https://riskintel-dvio-default-rtdb.europe-west1.firebasedatabase.app/.settings/rules.json  
 
[debug] [2021-05-12T01:03:21.935Z] <<< HTTP RESPONSE 200 {"server":"nginx","date":"Wed, 12 May 2021 01:03:21 GMT","content-type":"application/json; charset=utf-8","content-length":"161","connection":"keep-alive","access-control-allow-origin":"*","cache-control":"no-cache","strict-transport-security":"max-age=31556926; includeSubDomains; preload"}
[info] +  Database Rules for riskintel-dvio-default-rtdb have been written to database.rules.json. 
[info] Future modifications to database.rules.json will update Realtime Database Security Rules when you run
[info] firebase deploy.
[info] 
=== Hosting Setup
[info] 
[info] Your public directory is the folder (relative to your project directory) that
[info] will contain Hosting assets to be uploaded with firebase deploy. If you
[info] have a build process for your assets, use your build's output directory.
[info] 
